<?xml version="1.0" encoding="UTF-8"?>
<!-- Generated by org.testng.reporters.JUnitReportReporter -->
<testsuite hostname="LAPTOP-C5SMTFCQ" failures="0" tests="1" name="com.testing.TestExecution" time="5.037" errors="0" timestamp="2021-07-15T10:50:31 EDT" skipped="0">
  <testcase classname="com.testing.TestExecution" name="login" time="5.037"/>
  <system-out/>
</testsuite> <!-- com.testing.TestExecution -->
